==========================================
SLURM_JOB_ID = 24212901
SLURM_JOB_NODELIST = b09-12
TMPDIR = /tmp/SLURM_24212901
==========================================
/spack/conda/miniconda3/23.10.0/bin/conda: line 3: import: command not found
/spack/conda/miniconda3/23.10.0/bin/conda: line 6: syntax error near unexpected token `sys.argv'
/spack/conda/miniconda3/23.10.0/bin/conda: line 6: `if len(sys.argv) > 1 and sys.argv[1].startswith('shell.') and sys.path and sys.path[0] == '':'
Defaulting to user installation because normal site-packages is not writeable
Requirement already satisfied: transformers in /home1/yh_739/.local/lib/python3.11/site-packages (from -r requirements.txt (line 1)) (4.41.2)
Requirement already satisfied: torch in /home1/yh_739/.local/lib/python3.11/site-packages (from -r requirements.txt (line 2)) (2.3.1)
Requirement already satisfied: bitsandbytes in /home1/yh_739/.local/lib/python3.11/site-packages (from -r requirements.txt (line 3)) (0.42.0)
Requirement already satisfied: accelerate==0.31.0 in /home1/yh_739/.local/lib/python3.11/site-packages (from -r requirements.txt (line 4)) (0.31.0)
Requirement already satisfied: datasets in /home1/yh_739/.local/lib/python3.11/site-packages (from -r requirements.txt (line 5)) (2.20.0)
Requirement already satisfied: pandas in /home1/yh_739/.local/lib/python3.11/site-packages (from -r requirements.txt (line 6)) (2.2.2)
Requirement already satisfied: numpy in /home1/yh_739/.local/lib/python3.11/site-packages (from -r requirements.txt (line 7)) (2.0.0)
Requirement already satisfied: packaging>=20.0 in /spack/conda/miniconda3/23.10.0/lib/python3.11/site-packages (from accelerate==0.31.0->-r requirements.txt (line 4)) (23.1)
Requirement already satisfied: psutil in /home1/yh_739/.local/lib/python3.11/site-packages (from accelerate==0.31.0->-r requirements.txt (line 4)) (6.0.0)
Requirement already satisfied: pyyaml in /home1/yh_739/.local/lib/python3.11/site-packages (from accelerate==0.31.0->-r requirements.txt (line 4)) (6.0.1)
Requirement already satisfied: huggingface-hub in /home1/yh_739/.local/lib/python3.11/site-packages (from accelerate==0.31.0->-r requirements.txt (line 4)) (0.23.4)
Requirement already satisfied: safetensors>=0.3.1 in /home1/yh_739/.local/lib/python3.11/site-packages (from accelerate==0.31.0->-r requirements.txt (line 4)) (0.4.3)
Requirement already satisfied: filelock in /home1/yh_739/.local/lib/python3.11/site-packages (from transformers->-r requirements.txt (line 1)) (3.15.3)
Requirement already satisfied: regex!=2019.12.17 in /home1/yh_739/.local/lib/python3.11/site-packages (from transformers->-r requirements.txt (line 1)) (2024.5.15)
Requirement already satisfied: requests in /home1/yh_739/.local/lib/python3.11/site-packages (from transformers->-r requirements.txt (line 1)) (2.32.3)
Requirement already satisfied: tokenizers<0.20,>=0.19 in /home1/yh_739/.local/lib/python3.11/site-packages (from transformers->-r requirements.txt (line 1)) (0.19.1)
Requirement already satisfied: tqdm>=4.27 in /home1/yh_739/.local/lib/python3.11/site-packages (from transformers->-r requirements.txt (line 1)) (4.66.4)
Requirement already satisfied: typing-extensions>=4.8.0 in /home1/yh_739/.local/lib/python3.11/site-packages (from torch->-r requirements.txt (line 2)) (4.12.2)
Requirement already satisfied: sympy in /home1/yh_739/.local/lib/python3.11/site-packages (from torch->-r requirements.txt (line 2)) (1.12.1)
Requirement already satisfied: networkx in /home1/yh_739/.local/lib/python3.11/site-packages (from torch->-r requirements.txt (line 2)) (3.3)
Requirement already satisfied: jinja2 in /home1/yh_739/.local/lib/python3.11/site-packages (from torch->-r requirements.txt (line 2)) (3.1.4)
Requirement already satisfied: fsspec in /home1/yh_739/.local/lib/python3.11/site-packages (from torch->-r requirements.txt (line 2)) (2024.5.0)
Requirement already satisfied: nvidia-cuda-nvrtc-cu12==12.1.105 in /home1/yh_739/.local/lib/python3.11/site-packages (from torch->-r requirements.txt (line 2)) (12.1.105)
Requirement already satisfied: nvidia-cuda-runtime-cu12==12.1.105 in /home1/yh_739/.local/lib/python3.11/site-packages (from torch->-r requirements.txt (line 2)) (12.1.105)
Requirement already satisfied: nvidia-cuda-cupti-cu12==12.1.105 in /home1/yh_739/.local/lib/python3.11/site-packages (from torch->-r requirements.txt (line 2)) (12.1.105)
Requirement already satisfied: nvidia-cudnn-cu12==8.9.2.26 in /home1/yh_739/.local/lib/python3.11/site-packages (from torch->-r requirements.txt (line 2)) (8.9.2.26)
Requirement already satisfied: nvidia-cublas-cu12==12.1.3.1 in /home1/yh_739/.local/lib/python3.11/site-packages (from torch->-r requirements.txt (line 2)) (12.1.3.1)
Requirement already satisfied: nvidia-cufft-cu12==11.0.2.54 in /home1/yh_739/.local/lib/python3.11/site-packages (from torch->-r requirements.txt (line 2)) (11.0.2.54)
Requirement already satisfied: nvidia-curand-cu12==10.3.2.106 in /home1/yh_739/.local/lib/python3.11/site-packages (from torch->-r requirements.txt (line 2)) (10.3.2.106)
Requirement already satisfied: nvidia-cusolver-cu12==11.4.5.107 in /home1/yh_739/.local/lib/python3.11/site-packages (from torch->-r requirements.txt (line 2)) (11.4.5.107)
Requirement already satisfied: nvidia-cusparse-cu12==12.1.0.106 in /home1/yh_739/.local/lib/python3.11/site-packages (from torch->-r requirements.txt (line 2)) (12.1.0.106)
Requirement already satisfied: nvidia-nccl-cu12==2.20.5 in /home1/yh_739/.local/lib/python3.11/site-packages (from torch->-r requirements.txt (line 2)) (2.20.5)
Requirement already satisfied: nvidia-nvtx-cu12==12.1.105 in /home1/yh_739/.local/lib/python3.11/site-packages (from torch->-r requirements.txt (line 2)) (12.1.105)
Requirement already satisfied: triton==2.3.1 in /home1/yh_739/.local/lib/python3.11/site-packages (from torch->-r requirements.txt (line 2)) (2.3.1)
Requirement already satisfied: nvidia-nvjitlink-cu12 in /home1/yh_739/.local/lib/python3.11/site-packages (from nvidia-cusolver-cu12==11.4.5.107->torch->-r requirements.txt (line 2)) (12.5.40)
Requirement already satisfied: scipy in /home1/yh_739/.local/lib/python3.11/site-packages (from bitsandbytes->-r requirements.txt (line 3)) (1.13.1)
Requirement already satisfied: pyarrow>=15.0.0 in /home1/yh_739/.local/lib/python3.11/site-packages (from datasets->-r requirements.txt (line 5)) (16.1.0)
Requirement already satisfied: pyarrow-hotfix in /home1/yh_739/.local/lib/python3.11/site-packages (from datasets->-r requirements.txt (line 5)) (0.6)
Requirement already satisfied: dill<0.3.9,>=0.3.0 in /home1/yh_739/.local/lib/python3.11/site-packages (from datasets->-r requirements.txt (line 5)) (0.3.8)
Requirement already satisfied: xxhash in /home1/yh_739/.local/lib/python3.11/site-packages (from datasets->-r requirements.txt (line 5)) (3.4.1)
Requirement already satisfied: multiprocess in /home1/yh_739/.local/lib/python3.11/site-packages (from datasets->-r requirements.txt (line 5)) (0.70.16)
Requirement already satisfied: aiohttp in /home1/yh_739/.local/lib/python3.11/site-packages (from datasets->-r requirements.txt (line 5)) (3.9.5)
Requirement already satisfied: python-dateutil>=2.8.2 in /home1/yh_739/.local/lib/python3.11/site-packages (from pandas->-r requirements.txt (line 6)) (2.9.0.post0)
Requirement already satisfied: pytz>=2020.1 in /home1/yh_739/.local/lib/python3.11/site-packages (from pandas->-r requirements.txt (line 6)) (2024.1)
Requirement already satisfied: tzdata>=2022.7 in /home1/yh_739/.local/lib/python3.11/site-packages (from pandas->-r requirements.txt (line 6)) (2024.1)
Requirement already satisfied: aiosignal>=1.1.2 in /home1/yh_739/.local/lib/python3.11/site-packages (from aiohttp->datasets->-r requirements.txt (line 5)) (1.3.1)
Requirement already satisfied: attrs>=17.3.0 in /home1/yh_739/.local/lib/python3.11/site-packages (from aiohttp->datasets->-r requirements.txt (line 5)) (23.2.0)
Requirement already satisfied: frozenlist>=1.1.1 in /home1/yh_739/.local/lib/python3.11/site-packages (from aiohttp->datasets->-r requirements.txt (line 5)) (1.4.1)
Requirement already satisfied: multidict<7.0,>=4.5 in /home1/yh_739/.local/lib/python3.11/site-packages (from aiohttp->datasets->-r requirements.txt (line 5)) (6.0.5)
Requirement already satisfied: yarl<2.0,>=1.0 in /home1/yh_739/.local/lib/python3.11/site-packages (from aiohttp->datasets->-r requirements.txt (line 5)) (1.9.4)
Requirement already satisfied: six>=1.5 in /home1/yh_739/.local/lib/python3.11/site-packages (from python-dateutil>=2.8.2->pandas->-r requirements.txt (line 6)) (1.16.0)
Requirement already satisfied: charset-normalizer<4,>=2 in /spack/conda/miniconda3/23.10.0/lib/python3.11/site-packages (from requests->transformers->-r requirements.txt (line 1)) (2.0.4)
Requirement already satisfied: idna<4,>=2.5 in /spack/conda/miniconda3/23.10.0/lib/python3.11/site-packages (from requests->transformers->-r requirements.txt (line 1)) (3.4)
Requirement already satisfied: urllib3<3,>=1.21.1 in /spack/conda/miniconda3/23.10.0/lib/python3.11/site-packages (from requests->transformers->-r requirements.txt (line 1)) (1.26.18)
Requirement already satisfied: certifi>=2017.4.17 in /spack/conda/miniconda3/23.10.0/lib/python3.11/site-packages (from requests->transformers->-r requirements.txt (line 1)) (2023.11.17)
Requirement already satisfied: MarkupSafe>=2.0 in /home1/yh_739/.local/lib/python3.11/site-packages (from jinja2->torch->-r requirements.txt (line 2)) (2.1.5)
Requirement already satisfied: mpmath<1.4.0,>=1.1.0 in /home1/yh_739/.local/lib/python3.11/site-packages (from sympy->torch->-r requirements.txt (line 2)) (1.3.0)
Traceback (most recent call last):
  File "/project/jonmay_231/spangher/Projects/conditional-information-retrieval/data_script.py", line 1, in <module>
    from datasets import load_from_disk
  File "/home1/yh_739/.local/lib/python3.11/site-packages/datasets/__init__.py", line 17, in <module>
    from .arrow_dataset import Dataset
  File "/home1/yh_739/.local/lib/python3.11/site-packages/datasets/arrow_dataset.py", line 63, in <module>
    from huggingface_hub import (
ModuleNotFoundError: No module named 'huggingface_hub'
